positions: instr line
events: cpu(ms)

ob=(1) .\test_temp\sipparser.test.exe
fl=(1) F:/dev/Go/src/runtime/hashmap_fast.go
fn=(1) runtime.mapaccess2_faststr
0x40beb1 405 20

ob=(1)
fl=(2) F:/dev/Go/src/runtime/malloc.go
fn=(2) runtime.mallocgc
+12849 772 20
+135 750 20
+983 675 20

ob=(1)
fl=(3) F:/dev/Go/src/runtime/mbitmap.go
fn=(3) runtime.heapBitsSetType
+10576 893 20

ob=(1)
fl=(4) F:/dev/Go/src/runtime/memmove_amd64.s
fn=(4) runtime.memmove
+274743 155 20

ob=(1)
fl=(5) F:/dev/Go/src/unicode/utf8/utf8.go
fn=(5) unicode/utf8.EncodeRune
+135853 343 20

ob=(1)
fl=(6) F:/dev/Go/src/strings/strings.go
fn=(6) strings.Map
+264107 393 20

ob=(1)
fl=(7) F:/DevCode/go_code/src/my_code/sip/src/sipparser/Basic.go
fn=(7) sipparser.CompareNoCase
+351399 41 20

ob=(1)
fl=(8) F:/DevCode/go_code/src/my_code/sip/src/sipparser/Charset.go
fn=(8) sipparser.IsWspChar
+8156 572 20

ob=(1)
fl=(8)
fn=(9) sipparser.IsSipToken
+360 583 20

ob=(1)
fl=(9) F:/DevCode/go_code/src/my_code/sip/src/sipparser/Header.go
fn=(10) sipparser.GetSipHeaderFullName
+6310 35 20

ob=(1)
fl=(10) F:/DevCode/go_code/src/my_code/sip/src/sipparser/Host.go
fn=(11) sipparser.(*SipHost).parseIpv4
+44086 144 20

ob=(1)
fl=(11) F:/DevCode/go_code/src/my_code/sip/src/sipparser/Mem.go
fn=(12) sipparser.(*MemAllocator).Alloc
+3129 119 20
+35 120 20
+7 121 20

ob=(1)
fl=(12) F:/dev/Go/src/runtime/cgocall.go
fn=(13) runtime.cgocall
0x4021d8 132 10

ob=(1)
fl=(1)
fn=(1)
+39961 386 10
+7 386 10
+173 404 10
+147 413 10
+48 414 10

ob=(1)
fl=(2)
fn=(2)
+11895 550 10
+257 589 10
+12 589 10
+6 589 10
+62 600 10
+20 599 10
+127 643 10
+17 647 10
+108 654 10
+97 660 10
+255 752 10
+207 776 10
+611 639 10
+118 676 10
+15 654 10

ob=(1)
fl=(2)
fn=(14) runtime.newobject
+1106 808 10
+22 808 10

ob=(1)
fl=(2)
fn=(15) runtime.nextSample
+739 873 10

ob=(1)
fl=(3)
fn=(16) runtime.(*mspan).countFree
+8585 857 10
+63 865 10

ob=(1)
fl=(3)
fn=(3)
+57 893 10
+377 1126 10
+95 1271 10
+499 1173 10

ob=(1)
fl=(13) F:/dev/Go/src/runtime/proc.go
fn=(17) runtime.casgstatus
+116290 749 10

ob=(1)
fl=(13)
fn=(18) runtime.runqget
+38384 4298 10

ob=(1)
fl=(14) F:/dev/Go/src/runtime/stack.go
fn=(19) runtime.newstack
+26549 1016 10

ob=(1)
fl=(15) F:/dev/Go/src/runtime/string.go
fn=(20) runtime.slicebytetostring
+3755 72 10
+79 89 10

ob=(1)
fl=(15)
fn=(21) runtime.rawstringtmp
+292 107 10

ob=(1)
fl=(15)
fn=(22) runtime.rawstring
+1599 237 10
+10 237 10

ob=(1)
fl=(16) F:/dev/Go/src/runtime/asm_amd64.s
fn=(23) runtime.aeshashbody
+79088 923 10

ob=(1)
fl=(16)
fn=(24) runtime.memeqbody
+1913 1494 10

ob=(1)
fl=(17) F:/dev/Go/src/runtime/memclr_amd64.s
fn=(25) runtime.memclrNoHeapPointers
+3715 81 10

ob=(1)
fl=(4)
fn=(4)
+404 55 10
+20 59 10
+1564 188 10
+88 152 10

ob=(1)
fl=(18) F:/dev/Go/src/unicode/letter.go
fn=(26) unicode.ToLower
+359084 262 10
+24 263 10
+13 265 10

ob=(1)
fl=(6)
fn=(6)
+40683 382 10
+71 394 10
+15 392 10
+30 392 10
+14 392 10
+9 392 10
+9 393 10
+25 394 10
+29 413 10
+19 419 10
+54 406 10
+18 413 10
+5 413 10
+53 413 10

ob=(1)
fl=(6)
fn=(27) strings.ToLower
+689 450 10

ob=(1)
fl=(19) F:/DevCode/go_code/src/my_code/sip/src/sipparser/AbnfBuf.go
fn=(28) sipparser.(*AbnfBuf).allocMem
+337274 72 10
+18 73 10
+88 87 10

ob=(1)
fl=(19)
fn=(29) sipparser.(*AbnfBuf).SetByteSlice
+92 94 10
+10 94 10
+61 100 10
+71 106 10
+26 102 10

ob=(1)
fl=(19)
fn=(30) sipparser.(*AbnfBuf).EqualStringNoCase
+5538 294 10
+99 295 10

ob=(1)
fl=(20) F:/DevCode/go_code/src/my_code/sip/src/sipparser/AbnfList.go
fn=(31) sipparser.NewAbnfListNode
+487 17 10

ob=(1)
fl=(20)
fn=(32) sipparser.(*AbnfList).PushBack
+437 92 10
+31 100 10

ob=(1)
fl=(21) F:/DevCode/go_code/src/my_code/sip/src/sipparser/AbnfRef.go
fn=(33) sipparser.(*AbnfRef).Parse
+1067 22 10
+7 22 10
+23 22 10
+4 21 10
+19 21 10

ob=(1)
fl=(21)
fn=(34) sipparser.(*AbnfRef).ParseEscapable
+688 43 10
+19 43 10

ob=(1)
fl=(7)
fn=(7)
+4449 41 10
+107 45 10

ob=(1)
fl=(7)
fn=(35) sipparser.EqualNoCase
+149 59 10
+25 59 10
+26 59 10

ob=(1)
fl=(7)
fn=(36) sipparser.ParseUInt
+2029 135 10

ob=(1)
fl=(7)
fn=(37) sipparser.ParseHcolon
+1463 174 10
+33 180 10

ob=(1)
fl=(7)
fn=(38) sipparser.ParseSWS
+1324 222 10

ob=(1)
fl=(7)
fn=(39) sipparser.eatWsp
+1064 283 10

ob=(1)
fl=(7)
fn=(40) sipparser.ParseLeftAngleQuote
+375 312 10

ob=(1)
fl=(8)
fn=(41) sipparser.IsUriScheme
+1763 578 10

ob=(1)
fl=(8)
fn=(9)
+147 583 10

ob=(1)
fl=(8)
fn=(42) sipparser.IsSipWord
+59 585 10

ob=(1)
fl=(8)
fn=(43) sipparser.IsSipUser
+128 589 10

ob=(1)
fl=(9)
fn=(44) sipparser.(*SipHeaders).Parse
+9152 240 10
+28 240 10
+598 236 10

ob=(1)
fl=(9)
fn=(45) sipparser.(*SipHeaders).parseSingleKnownHeader
+768 286 10

ob=(1)
fl=(9)
fn=(46) sipparser.ParseHeaderName
+2111 338 10

ob=(1)
fl=(22) F:/DevCode/go_code/src/my_code/sip/src/sipparser/HeaderContentLength.go
fn=(47) sipparser.ParseSipContentLength
+11279 79 10

ob=(1)
fl=(23) F:/DevCode/go_code/src/my_code/sip/src/sipparser/HeaderContentType.go
fn=(48) sipparser.(*SipHeaderContentType).ParseValue
+1966 66 10

ob=(1)
fl=(23)
fn=(49) sipparser.ParseSipContentType
+1979 133 10

ob=(1)
fl=(24) F:/DevCode/go_code/src/my_code/sip/src/sipparser/HeaderCseq.go
fn=(50) sipparser.(*SipHeaderCseq).ParseValue
+1952 65 10

ob=(1)
fl=(25) F:/DevCode/go_code/src/my_code/sip/src/sipparser/HeaderTo.go
fn=(51) sipparser.NewSipHeaderTo
+11105 14 10

ob=(1)
fl=(26) F:/DevCode/go_code/src/my_code/sip/src/sipparser/HeaderVia.go
fn=(52) sipparser.NewSipHeaderVia
+2703 16 10

ob=(1)
fl=(26)
fn=(53) sipparser.(*SipHeaderVia).Init
+162 27 10
+84 29 10

ob=(1)
fl=(10)
fn=(11)
+6339 165 10

ob=(1)
fl=(11)
fn=(12)
+3148 119 10
+23 120 10
+34 128 10
+47 139 10
+4 141 10

ob=(1)
fl=(27) F:/DevCode/go_code/src/my_code/sip/src/sipparser/MultiHeader.go
fn=(54) sipparser.(*SipMultiHeaders).GetHeaderByByteSlice
+7297 154 10

ob=(1)
fl=(28) F:/DevCode/go_code/src/my_code/sip/src/sipparser/SingleHeader.go
fn=(55) sipparser.(*SipSingleHeader).EqualNameByteSlice
+10567 73 10

ob=(1)
fl=(28)
fn=(56) sipparser.(*SipSingleHeaders).GetHeaderByByteSlice
+1176 127 10
+55 129 10

ob=(1)
fl=(28)
fn=(57) sipparser.parseOneParsableSingleHeader
+4029 265 10
+23 266 10

ob=(1)
fl=(29) F:/DevCode/go_code/src/my_code/sip/src/sipparser/SipUri.go
fn=(58) sipparser.(*SipUri).Init
+13748 31 10
+73 33 10

ob=(1)
fl=(29)
fn=(59) sipparser.(*SipUri).ParseAfterScheme
+572 67 10

ob=(1)
fl=(30) F:/DevCode/go_code/src/my_code/sip/src/sipparser/SipVersion.go
fn=(60) sipparser.(*SipVersion).Parse
+14195 35 10

ob=(1)
fl=(31) F:/DevCode/go_code/src/my_code/sip/src/sipparser/StartLine.go
fn=(61) sipparser.(*SipStartLine).Parse
+2028 47 10

ob=(1)
fl=(1)
fn=(1)
0x40be0d 386 0
cfl=(16)
cfn=(23)
calls=10 -874993 923
* * 10
+317 413 0
cfl=(16)
cfn=(24)
calls=10 +293656 1494
* * 10

ob=(1)
fl=(2)
fn=(2)
+13204 761 0
cfl=(2)
cfn=(62) runtime.profilealloc
calls=10 +15358 830
* * 10
+228 711 0
cfl=(3)
cfn=(3)
calls=20 +11186 893
* * 20
cfl=(3)
cfn=(3)
calls=10 +11205 893
* * 10
cfl=(3)
cfn=(3)
calls=10 +11582 1126
* * 10
cfl=(3)
cfn=(3)
calls=10 +11677 1271
* * 10
cfl=(3)
cfn=(3)
calls=10 +12176 1173
* * 10

ob=(1)
fl=(2)
fn=(14)
+1532 808 0
cfl=(2)
cfn=(2)
calls=60 * 711
* * 60
cfl=(2)
cfn=(2)
calls=20 -736 772
* * 20
cfl=(2)
cfn=(2)
calls=20 -601 750
* * 20
cfl=(2)
cfn=(2)
calls=20 +382 675
* * 20
cfl=(2)
cfn=(2)
calls=10 -1238 589
* * 10
cfl=(2)
cfn=(2)
calls=10 -1232 589
* * 10
cfl=(2)
cfn=(2)
calls=10 -1170 600
* * 10
cfl=(2)
cfn=(2)
calls=10 -1006 647
* * 10
cfl=(2)
cfn=(2)
calls=10 -546 752
* * 10
cfl=(2)
cfn=(2)
calls=10 -339 776
* * 10
cfl=(2)
cfn=(2)
calls=10 -228 761
* * 10
cfl=(2)
cfn=(2)
calls=10 +390 676
* * 10
cfl=(2)
cfn=(2)
calls=10 +405 654
* * 10

ob=(1)
fl=(2)
fn=(62)
+394 830 0
cfl=(2)
cfn=(15)
calls=10 +740 873
* * 10

ob=(1)
fl=(32) F:/dev/Go/src/runtime/mcache.go
fn=(63) runtime.(*mcache).refill
+14165 122 0
cfl=(33) F:/dev/Go/src/runtime/mcentral.go
cfn=(64) runtime.(*mcentral).cacheSpan
calls=10 +14840 93
* * 10

ob=(1)
fl=(33)
fn=(64)
+675 93 0
cfl=(33)
cfn=(65) runtime.(*mcentral).grow
calls=10 +2359 212
* * 10

ob=(1)
fl=(33)
fn=(65)
+1684 212 0
cfl=(34) F:/dev/Go/src/runtime/mheap.go
cfn=(66) runtime.(*mheap).alloc
calls=10 +55547 632
* * 10

ob=(1)
fl=(35) F:/dev/Go/src/runtime/mgcsweep.go
fn=(67) runtime.sweepone
+40886 110 0
cfl=(35)
cfn=(68) runtime.(*mspan).sweep
calls=20 +42349 279
* * 20

ob=(1)
fl=(35)
fn=(68)
+1463 279 0
cfl=(3)
cfn=(16)
calls=10 -48479 857
* * 10
cfl=(3)
cfn=(16)
calls=10 -48416 865
* * 10

ob=(1)
fl=(34)
fn=(66)
+11514 632 0
cfl=(17)
cfn=(25)
calls=10 +222823 81
* * 10

ob=(1)
fl=(13)
fn=(69) runtime.main
+47434 185 0
cfl=(36) sipparser/_test/_testmain.go
cfn=(70) main.main
calls=10 0x57197d 284
* * 10

ob=(1)
fl=
fn=(71) runtime.startTheWorldWithSema
+11834 -1 0
cfl=(16)
cfn=(72) runtime.systemstack
calls=30 +151160 327
* * 30

ob=(1)
fl=(13)
fn=(73) runtime.schedule
+10993 2216 0
cfl=(13)
cfn=(18)
calls=10 +35041 4298
* * 10

ob=(1)
fl=(13)
fn=(74) runtime.goschedImpl
+1395 2300 0
cfl=(13)
cfn=(73)
calls=10 * 2216
* * 10

ob=(1)
fl=(13)
fn=(75) runtime.gopreempt_m
+249 2315 0
cfl=(13)
cfn=(74)
calls=10 * 2300
* * 10

ob=(1)
fl=(37) F:/dev/Go/src/runtime/slice.go
fn=(76) runtime.makeslice
+36341 54 0
cfl=(2)
cfn=(2)
calls=10 -145241 643
* * 10
cfl=(2)
cfn=(2)
calls=10 -145116 654
* * 10
cfl=(2)
cfn=(2)
calls=10 -145019 660
* * 10
cfl=(2)
cfn=(2)
calls=10 -143946 639
* * 10

ob=(1)
fl=(14)
fn=(19)
+11017 1051 0
cfl=(13)
cfn=(17)
calls=10 -52321 749
* * 10
+243 1081 0
cfl=(13)
cfn=(75)
calls=10 -47358 2315
* * 10

ob=(1)
fl=(15)
fn=(20)
+5175 89 0
cfl=(15)
cfn=(21)
calls=50 +5457 107
* * 50
cfl=(15)
cfn=(21)
calls=10 +5478 107
* * 10
+64 90 0
cfl=(4)
cfn=(4)
calls=10 +87032 55
* * 10

ob=(1)
fl=(15)
fn=(21)
+218 107 0
cfl=(15)
cfn=(22)
calls=30 +1847 237
* * 30
cfl=(15)
cfn=(22)
calls=10 +1838 237
* * 10
cfl=(15)
cfn=(22)
calls=10 +1848 237
* * 10

ob=(1)
fl=(15)
fn=(22)
+1629 237 0
cfl=(2)
cfn=(2)
calls=10 -198783 550
* * 10
cfl=(2)
cfn=(2)
calls=10 -198526 589
* * 10
cfl=(2)
cfn=(2)
calls=10 -198426 599
* * 10

ob=(1)
fl=(38) F:/dev/Go/src/runtime/syscall_windows.go
fn=(77) syscall.Syscall6
+14063 174 0
cfl=(12)
cfn=(13)
calls=10 -252643 132
* * 10

ob=(1)
fl=(2)
fn=(78) runtime.(*mcache).nextFree.func1
+45166 526 0
cfl=(32)
cfn=(63)
calls=10 -196877 122
* * 10

ob=(1)
fl=(35)
fn=(79) runtime.gosweepone.func1
+4105 125 0
cfl=(35)
cfn=(67)
calls=20 -198798 110
* * 20

ob=(1)
fl=(16)
fn=(72)
+8668 327 0
cfl=(35)
cfn=(79)
calls=20 * 125
* * 20
cfl=(2)
cfn=(78)
calls=10 -4105 526
* * 10

ob=(1)
fl=(16)
fn=(80) runtime.morestack
+208 398 0
cfl=(14)
cfn=(19)
calls=10 -79331 1051
* * 10
cfl=(14)
cfn=(19)
calls=10 -79088 1081
* * 10
cfl=(14)
cfn=(19)
calls=10 -77736 1016
* * 10

ob=(1)
fl=(16)
fn=(81) runtime.goexit
+10835 2197 0
cfl=(39) F:/dev/Go/src/testing/benchmark.go
cfn=(82) testing.(*B).launch
calls=1530 +422107 281
* * 1530
cfl=(13)
cfn=(69)
calls=10 -151368 185
* * 10

ob=(1)
fl=(40) F:/dev/Go/src/syscall/zsyscall_windows.go
fn=(83) syscall.WriteConsole
+49509 1278 0
cfl=(38)
cfn=(77)
calls=10 -68982 174
* * 10

ob=(1)
fl=(41) F:/dev/Go/src/os/file.go
fn=(84) os.(*File).Write
+92999 142 0
cfl=(42) F:/dev/Go/src/os/file_windows.go
cfn=(85) os.(*File).write
calls=10 +101942 368
* * 10

ob=(1)
fl=(42)
fn=(86) os.(*File).writeConsole
+8068 352 0
cfl=(40)
cfn=(83)
calls=10 -92999 1278
* * 10

ob=(1)
fl=(42)
fn=(85)
+875 368 0
cfl=(42)
cfn=(86)
calls=10 * 352
* * 10

ob=(1)
fl=(43) F:/dev/Go/src/fmt/print.go
fn=(87) fmt.Fprintln
+145722 248 0
cfl=(41)
cfn=(84)
calls=10 -8943 142
* * 10

ob=(1)
fl=(43)
fn=(88) fmt.Println
+200 257 0
cfl=(43)
cfn=(87)
calls=10 * 248
* * 10

ob=(1)
fl=(6)
fn=(6)
+106343 393 0
cfl=(18)
cfn=(26)
calls=10 +65459 262
* * 10
cfl=(18)
cfn=(26)
calls=10 +65483 263
* * 10
cfl=(18)
cfn=(26)
calls=10 +65496 265
* * 10
+195 413 0
cfl=(5)
cfn=(5)
calls=20 -264112 343
* * 20
+344 398 0
cfl=(37)
cfn=(76)
calls=40 -505302 54
* * 40
+229 419 0
cfl=(15)
cfn=(20)
calls=60 -489211 89
* * 60
cfl=(15)
cfn=(20)
calls=10 -489279 72
* * 10
cfl=(15)
cfn=(20)
calls=10 -489200 89
* * 10
cfl=(15)
cfn=(20)
calls=10 -489147 90
* * 10

ob=(1)
fl=(6)
fn=(27)
+179 450 0
cfl=(6)
cfn=(6)
calls=90 * 419
* * 90
cfl=(6)
cfn=(6)
calls=40 -229 398
* * 40
cfl=(6)
cfn=(6)
calls=30 -768 393
* * 30
cfl=(6)
cfn=(6)
calls=20 -773 393
* * 20
cfl=(6)
cfn=(6)
calls=20 -573 413
* * 20
cfl=(6)
cfn=(6)
calls=10 -932 382
* * 10
cfl=(6)
cfn=(6)
calls=10 -861 394
* * 10
cfl=(6)
cfn=(6)
calls=10 -846 392
* * 10
cfl=(6)
cfn=(6)
calls=10 -816 392
* * 10
cfl=(6)
cfn=(6)
calls=10 -802 392
* * 10
cfl=(6)
cfn=(6)
calls=10 -793 392
* * 10
cfl=(6)
cfn=(6)
calls=10 -784 393
* * 10
cfl=(6)
cfn=(6)
calls=10 -759 394
* * 10
cfl=(6)
cfn=(6)
calls=10 -730 413
* * 10
cfl=(6)
cfn=(6)
calls=10 -711 419
* * 10
cfl=(6)
cfn=(6)
calls=10 -657 406
* * 10
cfl=(6)
cfn=(6)
calls=10 -639 413
* * 10
cfl=(6)
cfn=(6)
calls=10 -634 413
* * 10
cfl=(6)
cfn=(6)
calls=10 -581 413
* * 10

ob=(1)
fl=(39)
fn=(89) testing.(*B).runN
+4465 140 0
cfl=(44) F:/DevCode/go_code/src/my_code/sip/src/sipparser/SipMsg_test.go
cfn=(90) sipparser.BenchmarkSipMsgParse
calls=1530 +676057 288
* * 1530

ob=(1)
fl=(39)
fn=(82)
+2144 281 0
cfl=(39)
cfn=(89)
calls=1530 * 140
* * 1530

ob=(1)
fl=(45) F:/dev/Go/src/testing/testing.go
fn=(91) testing.(*M).Run
+23596 834 0
cfl=(43)
cfn=(88)
calls=10 -113899 257
* * 10

ob=(1)
fl=(19)
fn=(28)
+307082 79 0
cfl=(11)
cfn=(12)
calls=10 +382283 119
* * 10
cfl=(11)
cfn=(12)
calls=10 +382318 120
* * 10
cfl=(11)
cfn=(12)
calls=10 +382325 121
* * 10
cfl=(11)
cfn=(12)
calls=10 +382355 128
* * 10
cfl=(11)
cfn=(12)
calls=10 +382402 139
* * 10

ob=(1)
fl=(19)
fn=(29)
+179 100 0
cfl=(19)
cfn=(28)
calls=50 * 79
* * 50
cfl=(19)
cfn=(28)
calls=10 -84 72
* * 10
cfl=(19)
cfn=(28)
calls=10 -66 73
* * 10
cfl=(19)
cfn=(28)
calls=10 +22 87
* * 10
+71 102 0
cfl=(4)
cfn=(4)
calls=20 -738378 155
* * 20
cfl=(4)
cfn=(4)
calls=10 -740033 59
* * 10
cfl=(4)
cfn=(4)
calls=10 -738469 188
* * 10
cfl=(4)
cfn=(4)
calls=10 -738381 152
* * 10

ob=(1)
fl=(19)
fn=(92) sipparser.(*AbnfBuf).Parse
+1473 168 0
cfl=(21)
cfn=(33)
calls=40 +7715 22
* * 40
cfl=(21)
cfn=(33)
calls=10 +7691 22
* * 10
cfl=(21)
cfn=(33)
calls=10 +7725 21
* * 10
+122 173 0
cfl=(19)
cfn=(29)
calls=40 -1544 100
* * 40
cfl=(19)
cfn=(29)
calls=10 -1609 94
* * 10
cfl=(19)
cfn=(29)
calls=10 -1473 102
* * 10

ob=(1)
fl=(19)
fn=(93) sipparser.(*AbnfBuf).ParseEscapable
+972 200 0
cfl=(21)
cfn=(34)
calls=10 +6837 43
* * 10
cfl=(21)
cfn=(34)
calls=10 +6850 43
* * 10
cfl=(21)
cfn=(34)
calls=10 +6856 43
* * 10
+161 210 0
cfl=(19)
cfn=(29)
calls=10 -2693 94
* * 10
cfl=(19)
cfn=(29)
calls=10 -2638 100
* * 10

ob=(1)
fl=(19)
fn=(94) sipparser.(*AbnfBuf).EqualByteSliceNoCase
+2483 287 0
cfl=(7)
cfn=(35)
calls=10 +10467 59
* * 10

ob=(1)
fl=(19)
fn=(30)
+501 295 0
cfl=(19)
cfn=(94)
calls=10 * 287
* * 10

ob=(1)
fl=(20)
fn=(31)
+469 17 0
cfl=(11)
cfn=(12)
calls=10 +69362 141
* * 10

ob=(1)
fl=(20)
fn=(32)
+376 84 0
cfl=(20)
cfn=(31)
calls=10 -25 17
* * 10
cfl=(20)
cfn=(31)
calls=10 * 17
* * 10

ob=(1)
fl=(21)
fn=(33)
+1158 22 0
cfl=(8)
cfn=(8)
calls=20 +14509 572
* * 20
cfl=(8)
cfn=(9)
calls=20 +14869 583
* * 20
cfl=(8)
cfn=(41)
calls=10 +14701 578
* * 10
cfl=(8)
cfn=(9)
calls=10 +14848 583
* * 10
cfl=(8)
cfn=(42)
calls=10 +14907 585
* * 10

ob=(1)
fl=(21)
fn=(34)
+730 43 0
cfl=(8)
cfn=(43)
calls=10 +13877 589
* * 10

ob=(1)
fl=(46) F:/DevCode/go_code/src/my_code/sip/src/sipparser/AddrSpec.go
fn=(95) sipparser.(*SipAddrSpec).Parse
+758 51 0
cfl=(7)
cfn=(96) sipparser.ParseUriScheme
calls=40 +7079 156
* * 40
cfl=(7)
cfn=(96)
calls=10 +6979 154
* * 10
+79 56 0
cfl=(19)
cfn=(30)
calls=10 -3633 294
* * 10
cfl=(19)
cfn=(30)
calls=10 -3491 295
* * 10
+27 57 0
cfl=(29)
cfn=(97) sipparser.NewSipUri
calls=10 +102538 24
* * 10
+321 64 0
cfl=(29)
cfn=(59)
calls=40 +103235 62
* * 40
cfl=(29)
cfn=(59)
calls=10 +103168 60
* * 10
cfl=(29)
cfn=(59)
calls=10 +103305 67
* * 10

ob=(1)
fl=(46)
fn=(98) sipparser.(*SipAddrSpec).ParseWithoutParam
+1317 94 0
cfl=(7)
cfn=(96)
calls=10 +5894 156
* * 10
+79 99 0
cfl=(19)
cfn=(30)
calls=10 -5278 295
* * 10
+348 107 0
cfl=(29)
cfn=(99) sipparser.(*SipUri).ParseAfterSchemeWithoutParam
calls=10 +102286 101
* * 10

ob=(1)
fl=(7)
fn=(35)
+1821 59 0
cfl=(7)
cfn=(7)
calls=20 +1536 41
* * 20
cfl=(7)
cfn=(7)
calls=10 +1526 41
* * 10
cfl=(7)
cfn=(7)
calls=10 +1633 45
* * 10

ob=(1)
fl=(7)
fn=(96)
+2229 154 0
cfl=(2)
cfn=(14)
calls=10 0x40f9be 808
* * 10
+100 156 0
cfl=(19)
cfn=(92)
calls=40 -13829 173
* * 40
cfl=(19)
cfn=(92)
calls=20 -13951 168
* * 20

ob=(1)
fl=(7)
fn=(37)
+1254 180 0
cfl=(21)
cfn=(33)
calls=20 -7809 22
* * 20

ob=(1)
fl=(7)
fn=(100) sipparser.ParseSWSMark
+641 206 0
cfl=(7)
cfn=(38)
calls=120 +1382 236
* * 120
+83 216 0
cfl=(2)
cfn=(14)
calls=20 0x40f9be 808
* * 20
cfl=(2)
cfn=(14)
calls=10 0x40f9a9 808
* * 10
+218 219 0
cfl=(7)
cfn=(38)
calls=10 +554 222
* * 10

ob=(1)
fl=(7)
fn=(38)
+440 236 0
cfl=(7)
cfn=(101) sipparser.ParseLWS
calls=140 +888 273
* * 140

ob=(1)
fl=(7)
fn=(101)
+235 259 0
cfl=(7)
cfn=(39)
calls=10 +960 283
* * 10
+213 273 0
cfl=(2)
cfn=(14)
calls=140 0x40f9be 808
* * 140

ob=(1)
fl=(7)
fn=(102) sipparser.ParseRightAngleQuote
+1710 334 0
cfl=(7)
cfn=(38)
calls=20 -448 236
* * 20

ob=(1)
fl=(47) F:/DevCode/go_code/src/my_code/sip/src/sipparser/GenericParam.go
fn=(103) sipparser.(*SipGenericParam).Parse
+2053 55 0
cfl=(7)
cfn=(100)
calls=10 -2598 219
* * 10
+116 60 0
cfl=(47)
cfn=(104) sipparser.(*SipGenericParam).ParseValue
calls=10 +742 71
* * 10

ob=(1)
fl=(47)
fn=(104)
+626 71 0
cfl=(47)
cfn=(105) sipparser.(*SipGenericParam).parseValueToken
calls=10 +1071 85
* * 10

ob=(1)
fl=(47)
fn=(105)
+445 85 0
cfl=(19)
cfn=(92)
calls=10 -21640 168
* * 10

ob=(1)
fl=(47)
fn=(106) sipparser.(*SipGenericParams).Parse
+2936 209 0
cfl=(7)
cfn=(100)
calls=110 -6139 206
* * 110
cfl=(7)
cfn=(100)
calls=20 -6056 216
* * 20
+128 218 0
cfl=(47)
cfn=(103)
calls=10 -4123 55
* * 10
cfl=(47)
cfn=(103)
calls=10 -4007 60
* * 10

ob=(1)
fl=(9)
fn=(10)
+1065 34 0
cfl=(6)
cfn=(27)
calls=280 -364159 450
* * 280
cfl=(6)
cfn=(27)
calls=10 -364230 450
* * 10
+58 35 0
cfl=(1)
cfn=(1)
calls=10 0x40bdf1 386
* * 10
cfl=(1)
cfn=(1)
calls=10 0x40bdf8 386
* * 10
cfl=(1)
cfn=(1)
calls=10 0x40be0d 386
* * 10
cfl=(1)
cfn=(1)
calls=10 0x40bea5 404
* * 10

ob=(1)
fl=(9)
fn=(107) sipparser.GetSipHeaderInfo
+150 104 0
cfl=(6)
cfn=(27)
calls=60 -365282 450
* * 60
+36 105 0
cfl=(2)
cfn=(14)
calls=40 0x40f9be 808
* * 40
cfl=(2)
cfn=(14)
calls=10 0x40f9bf 808
* * 10
+58 105 0
cfl=(1)
cfn=(1)
calls=20 0x40beb1 405
* * 20
cfl=(1)
cfn=(1)
calls=10 0x40bf38 413
* * 10
cfl=(1)
cfn=(1)
calls=10 0x40bf4a 413
* * 10
cfl=(1)
cfn=(1)
calls=10 0x40bf68 414
* * 10

ob=(1)
fl=(9)
fn=(108) sipparser.(*SipHeaders).GetSingleHeaderParsed
+772 162 0
cfl=(28)
cfn=(109) sipparser.(*SipSingleHeaders).GetHeaderParsedByString
calls=30 +68367 188
* * 30

ob=(1)
fl=(9)
fn=(44)
+2015 240 0
cfl=(9)
cfn=(46)
calls=40 +5191 332
* * 40
cfl=(9)
cfn=(46)
calls=40 +5464 337
* * 40
cfl=(9)
cfn=(46)
calls=10 +5488 338
* * 10
+165 247 0
cfl=(9)
cfn=(10)
calls=290 -3089 34
* * 290
cfl=(9)
cfn=(10)
calls=40 -3031 35
* * 40
cfl=(9)
cfn=(10)
calls=20 -3040 35
* * 20
+24 249 0
cfl=(9)
cfn=(107)
calls=60 -3046 104
* * 60
cfl=(9)
cfn=(107)
calls=50 -3010 105
* * 50
cfl=(9)
cfn=(107)
calls=50 -2952 105
* * 50
+102 252 0
cfl=(9)
cfn=(110) sipparser.(*SipHeaders).parseKnownHeader
calls=570 +753 268
* * 570
cfl=(9)
cfn=(110)
calls=270 +629 270
* * 270

ob=(1)
fl=(9)
fn=(110)
+527 270 0
cfl=(9)
cfn=(111) sipparser.(*SipHeaders).parseMultiKnownHeader
calls=250 +2280 328
* * 250
cfl=(9)
cfn=(111)
calls=10 +2175 316
* * 10
cfl=(9)
cfn=(111)
calls=10 +2477 325
* * 10
+124 268 0
cfl=(9)
cfn=(45)
calls=500 +949 294
* * 500
cfl=(9)
cfn=(45)
calls=40 +599 286
* * 40
cfl=(9)
cfn=(45)
calls=20 +1016 298
* * 20
cfl=(9)
cfn=(45)
calls=10 +544 286
* * 10

ob=(1)
fl=(9)
fn=(45)
+475 286 0
cfl=(28)
cfn=(56)
calls=40 +62518 130
* * 40
+350 294 0
cfl=(28)
cfn=(57)
calls=390 +65901 255
* * 390
cfl=(28)
cfn=(57)
calls=60 +66171 268
* * 60
cfl=(28)
cfn=(57)
calls=20 +66056 266
* * 20
cfl=(28)
cfn=(57)
calls=10 +65952 260
* * 10
cfl=(28)
cfn=(57)
calls=10 +66005 265
* * 10
cfl=(28)
cfn=(57)
calls=10 +66028 266
* * 10
+67 298 0
cfl=(28)
cfn=(112) sipparser.(*SipSingleHeaders).AddHeader
calls=20 +64302 214
* * 20

ob=(1)
fl=(9)
fn=(111)
+632 316 0
cfl=(27)
cfn=(54)
calls=10 +49761 154
* * 10
+105 328 0
cfl=(27)
cfn=(113) sipparser.(*SipMultiHeader).Parse
calls=250 +47221 82
* * 250
+197 325 0
cfl=(27)
cfn=(114) sipparser.(*SipMultiHeaders).AddHeader
calls=10 +50746 212
* * 10

ob=(1)
fl=(9)
fn=(46)
+408 332 0
cfl=(21)
cfn=(33)
calls=10 -25846 22
* * 10
cfl=(21)
cfn=(33)
calls=10 -25829 22
* * 10
cfl=(21)
cfn=(33)
calls=10 -25823 22
* * 10
cfl=(21)
cfn=(33)
calls=10 -25800 21
* * 10
+273 337 0
cfl=(7)
cfn=(37)
calls=20 -17174 180
* * 20
cfl=(7)
cfn=(37)
calls=10 -17253 174
* * 10
cfl=(7)
cfn=(37)
calls=10 -17220 180
* * 10

ob=(1)
fl=(48) F:/DevCode/go_code/src/my_code/sip/src/sipparser/HeaderCallId.go
fn=(115) sipparser.NewSipHeaderCallId
+888 15 0
cfl=(11)
cfn=(12)
calls=10 +40768 121
* * 10

ob=(1)
fl=(48)
fn=(116) sipparser.(*SipHeaderCallId).ParseValue
+1331 54 0
cfl=(19)
cfn=(92)
calls=10 -33640 168
* * 10

ob=(1)
fl=(48)
fn=(117) sipparser.ParseSipCallId
+801 88 0
cfl=(48)
cfn=(115)
calls=10 -1331 15
* * 10
+315 92 0
cfl=(48)
cfn=(116)
calls=10 -801 54
* * 10

ob=(1)
fl=(49) F:/DevCode/go_code/src/my_code/sip/src/sipparser/HeaderContact.go
fn=(118) sipparser.(*SipHeaderContact).ParseValue
+1927 127 0
cfl=(50) F:/DevCode/go_code/src/my_code/sip/src/sipparser/SipAddr.go
cfn=(119) sipparser.(*SipAddr).Parse
calls=30 +63036 57
* * 30
cfl=(50)
cfn=(119)
calls=10 +62799 54
* * 10
+130 132 0
cfl=(47)
cfn=(106)
calls=20 -12993 209
* * 20

ob=(1)
fl=(49)
fn=(120) sipparser.ParseSipContact
+1207 158 0
cfl=(49)
cfn=(118)
calls=40 -130 127
* * 40
cfl=(49)
cfn=(118)
calls=20 * 132
* * 20

ob=(1)
fl=(23)
fn=(121) sipparser.NewSipHeaderContentType
+5361 16 0
cfl=(11)
cfn=(12)
calls=10 +34127 119
* * 10

ob=(1)
fl=(23)
fn=(48)
+1440 67 0
cfl=(19)
cfn=(92)
calls=10 -44712 168
* * 10
+308 82 0
cfl=(47)
cfn=(106)
calls=10 -21131 209
* * 10

ob=(1)
fl=(23)
fn=(49)
+1584 134 0
cfl=(23)
cfn=(121)
calls=10 -1748 16
* * 10
+308 138 0
cfl=(23)
cfn=(48)
calls=10 -2023 66
* * 10
cfl=(23)
cfn=(48)
calls=10 -1892 67
* * 10
cfl=(23)
cfn=(48)
calls=10 -1584 82
* * 10

ob=(1)
fl=(24)
fn=(50)
+1576 65 0
cfl=(19)
cfn=(92)
calls=10 -48352 168
* * 10

ob=(1)
fl=(24)
fn=(122) sipparser.ParseSipCseq
+1039 88 0
cfl=(24)
cfn=(50)
calls=10 * 65
* * 10
cfl=(24)
cfn=(50)
calls=10 +24 65
* * 10

ob=(1)
fl=(51) F:/DevCode/go_code/src/my_code/sip/src/sipparser/HeaderFrom.go
fn=(123) sipparser.(*SipHeaderFrom).ParseValue
+1775 55 0
cfl=(50)
cfn=(119)
calls=110 +47818 51
* * 110
+124 60 0
cfl=(47)
cfn=(106)
calls=70 -27721 209
* * 70
cfl=(47)
cfn=(106)
calls=20 -27593 218
* * 20

ob=(1)
fl=(51)
fn=(124) sipparser.ParseSipFrom
+821 82 0
cfl=(51)
cfn=(123)
calls=110 -124 55
* * 110
cfl=(51)
cfn=(123)
calls=90 * 60
* * 90

ob=(1)
fl=(25)
fn=(125) sipparser.(*SipHeaderTo).ParseValue
+8895 55 0
cfl=(50)
cfn=(119)
calls=60 +45098 51
* * 60
+124 60 0
cfl=(47)
cfn=(106)
calls=20 -37561 209
* * 20

ob=(1)
fl=(25)
fn=(126) sipparser.ParseSipTo
+506 78 0
cfl=(25)
cfn=(51)
calls=10 -1649 14
* * 10
+315 82 0
cfl=(25)
cfn=(125)
calls=60 -630 55
* * 60
cfl=(25)
cfn=(125)
calls=20 -506 60
* * 20

ob=(1)
fl=(26)
fn=(52)
+317 22 0
cfl=(26)
cfn=(53)
calls=10 +395 27
* * 10
cfl=(26)
cfn=(53)
calls=10 +479 29
* * 10

ob=(1)
fl=(26)
fn=(127) sipparser.(*SipHeaderVia).ParseValue
+1366 82 0
cfl=(30)
cfn=(60)
calls=20 +61616 39
* * 20
cfl=(30)
cfn=(60)
calls=10 +61492 35
* * 10
+356 92 0
cfl=(19)
cfn=(92)
calls=20 -65088 173
* * 20
+168 102 0
cfl=(10)
cfn=(128) sipparser.(*SipHostPort).Parse
calls=50 +6396 235
* * 50
+131 107 0
cfl=(47)
cfn=(106)
calls=10 -40713 209
* * 10

ob=(1)
fl=(26)
fn=(129) sipparser.ParseSipVia
+739 136 0
cfl=(26)
cfn=(52)
calls=20 -2021 22
* * 20
cfl=(26)
cfn=(52)
calls=10 -2105 16
* * 10
+315 140 0
cfl=(26)
cfn=(127)
calls=50 -870 102
* * 50
cfl=(26)
cfn=(127)
calls=30 -1394 82
* * 30
cfl=(26)
cfn=(127)
calls=20 -1038 92
* * 20
cfl=(26)
cfn=(127)
calls=10 -739 107
* * 10

ob=(1)
fl=(10)
fn=(130) sipparser.(*SipHost).SetIpv4
+946 63 0
cfl=(19)
cfn=(29)
calls=10 -68360 102
* * 10

ob=(1)
fl=(10)
fn=(131) sipparser.(*SipHost).Parse
+699 99 0
cfl=(10)
cfn=(11)
calls=20 +2484 144
* * 20
cfl=(10)
cfn=(11)
calls=10 +2439 159
* * 10
cfl=(10)
cfn=(11)
calls=10 +2480 165
* * 10
cfl=(10)
cfn=(11)
calls=10 +2753 172
* * 10

ob=(1)
fl=(10)
fn=(11)
+1740 159 0
cfl=(7)
cfn=(36)
calls=10 -54801 135
* * 10
+314 172 0
cfl=(10)
cfn=(130)
calls=10 -2439 63
* * 10

ob=(1)
fl=(10)
fn=(128)
+1344 235 0
cfl=(10)
cfn=(131)
calls=50 -2054 99
* * 50

ob=(1)
fl=(27)
fn=(132) sipparser.(*SipMultiHeader).AddHeader
+6502 67 0
cfl=(28)
cfn=(112)
calls=10 +23410 214
* * 10

ob=(1)
fl=(27)
fn=(113)
+526 82 0
cfl=(27)
cfn=(133) sipparser.(*SipMultiHeader).parseParsableHeader
calls=220 +726 91
* * 220
cfl=(27)
cfn=(133)
calls=20 +845 98
* * 20
cfl=(27)
cfn=(133)
calls=10 +787 95
* * 10

ob=(1)
fl=(27)
fn=(133)
+200 91 0
cfl=(28)
cfn=(57)
calls=200 +17631 255
* * 200
cfl=(28)
cfn=(57)
calls=10 +17682 260
* * 10
cfl=(28)
cfn=(57)
calls=10 +17901 268
* * 10
+61 95 0
cfl=(27)
cfn=(132)
calls=10 -726 67
* * 10
+58 98 0
cfl=(7)
cfn=(100)
calls=10 -63305 206
* * 10
cfl=(7)
cfn=(100)
calls=10 -63222 216
* * 10

ob=(1)
fl=(27)
fn=(114)
+3311 212 0
cfl=(20)
cfn=(32)
calls=10 -74225 84
* * 10

ob=(1)
fl=(52) F:/DevCode/go_code/src/my_code/sip/src/sipparser/NameAddr.go
fn=(134) sipparser.(*SipDisplayName).Parse
+1335 49 0
cfl=(52)
cfn=(135) sipparser.(*SipDisplayName).parseQuotedString
calls=10 +1560 58
* * 10
cfl=(52)
cfn=(135)
calls=10 +1650 62
* * 10

ob=(1)
fl=(52)
fn=(135)
+225 58 0
cfl=(53) F:/DevCode/go_code/src/my_code/sip/src/sipparser/QuotedString.go
cfn=(136) sipparser.NewSipQuotedString
calls=10 +3505 14
* * 10
+90 62 0
cfl=(53)
cfn=(137) sipparser.(*SipQuotedString).Parse
calls=10 +4186 64
* * 10

ob=(1)
fl=(52)
fn=(138) sipparser.(*SipNameAddr).Parse
+2155 160 0
cfl=(7)
cfn=(40)
calls=10 -66248 312
* * 10
+92 165 0
cfl=(46)
cfn=(95)
calls=50 -78695 51
* * 50
cfl=(46)
cfn=(95)
calls=40 -78268 64
* * 40
cfl=(46)
cfn=(95)
calls=20 -78616 56
* * 20
cfl=(46)
cfn=(95)
calls=10 -78589 57
* * 10
+102 170 0
cfl=(7)
cfn=(102)
calls=20 -67672 334
* * 20
+135 154 0
cfl=(52)
cfn=(134)
calls=20 -2664 49
* * 20

ob=(1)
fl=(53)
fn=(136)
+706 14 0
cfl=(11)
cfn=(12)
calls=10 -13261 119
* * 10

ob=(1)
fl=(53)
fn=(137)
+906 64 0
cfl=(53)
cfn=(139) sipparser.(*SipQuotedString).parseValue
calls=10 +2283 85
* * 10

ob=(1)
fl=(53)
fn=(139)
+1377 85 0
cfl=(7)
cfn=(101)
calls=10 -71444 259
* * 10

ob=(1)
fl=(28)
fn=(140) sipparser.NewSipSingleHeader
+169 17 0
cfl=(11)
cfn=(12)
calls=10 -16230 120
* * 10
cfl=(11)
cfn=(12)
calls=10 -16227 120
* * 10

ob=(1)
fl=(28)
fn=(141) sipparser.(*SipSingleHeader).SetNameByteSlice
+1310 64 0
cfl=(19)
cfn=(29)
calls=10 -91450 100
* * 10
cfl=(19)
cfn=(29)
calls=10 -91385 102
* * 10

ob=(1)
fl=(28)
fn=(142) sipparser.(*SipSingleHeader).SetValueByteSlice
+128 68 0
cfl=(19)
cfn=(29)
calls=30 -92766 100
* * 30
cfl=(19)
cfn=(29)
calls=30 -92695 102
* * 30
cfl=(19)
cfn=(29)
calls=10 -92689 106
* * 10

ob=(1)
fl=(28)
fn=(55)
+149 73 0
cfl=(7)
cfn=(35)
calls=10 -79628 59
* * 10
cfl=(7)
cfn=(35)
calls=10 -79616 59
* * 10
+93 76 0
cfl=(7)
cfn=(35)
calls=10 -79816 59
* * 10
cfl=(7)
cfn=(35)
calls=10 -79777 59
* * 10

ob=(1)
fl=(28)
fn=(56)
+1171 130 0
cfl=(28)
cfn=(55)
calls=20 -93 73
* * 20
cfl=(28)
cfn=(55)
calls=20 * 76
* * 20
cfl=(28)
cfn=(55)
calls=10 -127 73
* * 10

ob=(1)
fl=(28)
fn=(143) sipparser.(*SipSingleHeaders).GetHeaderByString
+839 151 0
cfl=(28)
cfn=(56)
calls=10 -122 127
* * 10
cfl=(28)
cfn=(56)
calls=10 -67 129
* * 10
cfl=(28)
cfn=(56)
calls=10 * 130
* * 10

ob=(1)
fl=(28)
fn=(109)
+1281 188 0
cfl=(28)
cfn=(143)
calls=30 * 151
* * 30

ob=(1)
fl=(28)
fn=(112)
+489 214 0
cfl=(20)
cfn=(32)
calls=10 -89799 84
* * 10
cfl=(20)
cfn=(32)
calls=10 -89763 92
* * 10
cfl=(20)
cfn=(32)
calls=10 -89732 100
* * 10

ob=(1)
fl=(28)
fn=(57)
+1249 255 0
cfl=(51)
cfn=(124)
calls=200 -41685 82
* * 200
cfl=(26)
cfn=(129)
calls=110 -28453 140
* * 110
cfl=(25)
cfn=(126)
calls=80 -31845 82
* * 80
cfl=(49)
cfn=(120)
calls=60 -56021 158
* * 60
cfl=(23)
cfn=(49)
calls=30 -47020 138
* * 30
cfl=(26)
cfn=(129)
calls=30 -28768 136
* * 30
cfl=(24)
cfn=(122)
calls=20 -44405 88
* * 20
cfl=(48)
cfn=(117)
calls=10 -59600 88
* * 10
cfl=(48)
cfn=(117)
calls=10 -59285 92
* * 10
cfl=(22)
cfn=(47)
calls=10 -51317 79
* * 10
cfl=(23)
cfn=(49)
calls=10 -47372 133
* * 10
cfl=(23)
cfn=(49)
calls=10 -47328 134
* * 10
cfl=(25)
cfn=(126)
calls=10 -32160 78
* * 10
+51 260 0
cfl=(28)
cfn=(140)
calls=20 -6709 17
* * 20
+104 266 0
cfl=(28)
cfn=(141)
calls=20 -5450 64
* * 20
+115 268 0
cfl=(28)
cfn=(142)
calls=70 -5426 68
* * 70

ob=(1)
fl=(50)
fn=(119)
+1894 51 0
cfl=(52)
cfn=(138)
calls=120 -10374 165
* * 120
cfl=(52)
cfn=(138)
calls=20 -10272 170
* * 20
cfl=(52)
cfn=(138)
calls=20 -10137 154
* * 20
cfl=(52)
cfn=(138)
calls=10 -10466 160
* * 10
+101 54 0
cfl=(7)
cfn=(96)
calls=10 -84734 156
* * 10
+237 57 0
cfl=(46)
cfn=(98)
calls=10 -89412 94
* * 10
cfl=(46)
cfn=(98)
calls=10 -89333 99
* * 10
cfl=(46)
cfn=(98)
calls=10 -88985 107
* * 10

ob=(1)
fl=(54) F:/DevCode/go_code/src/my_code/sip/src/sipparser/SipMsg.go
fn=(144) sipparser.(*SipMsg).Parse
+836 34 0
cfl=(31)
cfn=(61)
calls=20 +28488 54
* * 20
cfl=(31)
cfn=(61)
calls=10 +28241 47
* * 10
+319 43 0
cfl=(9)
cfn=(44)
calls=840 -70365 252
* * 840
cfl=(9)
cfn=(44)
calls=350 -70491 247
* * 350
cfl=(9)
cfn=(44)
calls=160 -70467 249
* * 160
cfl=(9)
cfn=(44)
calls=90 -70656 240
* * 90
cfl=(9)
cfn=(44)
calls=10 -70688 240
* * 10
cfl=(9)
cfn=(44)
calls=10 -70660 240
* * 10
cfl=(9)
cfn=(44)
calls=10 -70062 236
* * 10
+119 48 0
cfl=(54)
cfn=(145) sipparser.(*SipMsg).ParseMsgBody
calls=20 +324 53
* * 20
cfl=(54)
cfn=(145)
calls=10 +950 70
* * 10

ob=(1)
fl=(54)
fn=(145)
+205 53 0
cfl=(9)
cfn=(108)
calls=20 -73109 162
* * 20
+626 70 0
cfl=(54)
cfn=(146) sipparser.(*SipMsg).ParseSingleBody
calls=10 +844 76
* * 10

ob=(1)
fl=(54)
fn=(146)
+218 76 0
cfl=(9)
cfn=(108)
calls=10 -73940 162
* * 10

ob=(1)
fl=(29)
fn=(97)
+8901 24 0
cfl=(29)
cfn=(58)
calls=10 +9050 31
* * 10

ob=(1)
fl=(29)
fn=(59)
+657 60 0
cfl=(29)
cfn=(58)
calls=10 +222 33
* * 10
+67 62 0
cfl=(29)
cfn=(147) sipparser.(*SipUri).parseUserinfo
calls=40 +4163 254
* * 40

ob=(1)
fl=(29)
fn=(99)
+768 101 0
cfl=(29)
cfn=(147)
calls=10 +4096 254
* * 10

ob=(1)
fl=(29)
fn=(147)
+3328 254 0
cfl=(19)
cfn=(93)
calls=30 -110745 200
* * 30
cfl=(19)
cfn=(93)
calls=20 -110584 210
* * 20

ob=(1)
fl=(30)
fn=(60)
+10293 39 0
cfl=(7)
cfn=(35)
calls=10 -103459 59
* * 10
cfl=(7)
cfn=(35)
calls=10 -103445 59
* * 10

ob=(1)
fl=(31)
fn=(61)
+2151 54 0
cfl=(31)
cfn=(148) sipparser.(*SipStartLine).ParseRequestLine
calls=20 +4929 122
* * 20

ob=(1)
fl=(31)
fn=(148)
+2778 122 0
cfl=(46)
cfn=(95)
calls=20 -119454 64
* * 20

ob=(1)
fl=(44)
fn=(90)
+206658 288 0
cfl=(54)
cfn=(144)
calls=1470 -30111 43
* * 1470
cfl=(54)
cfn=(144)
calls=30 -30430 34
* * 30
cfl=(54)
cfn=(144)
calls=30 -29992 48
* * 30

ob=(1)
fl=(36)
fn=(70)
+88781 284 0
cfl=(45)
cfn=(91)
calls=10 -645852 834
* * 10
